2018-06-29 17:18:35 DEBUG ReadConfigurations:141 - Input read from consoleAUD 100 in DKK
2018-06-29 17:18:35 INFO  ReadConfigurations:88 - Conversion Rates:{NZDUSD=0.7750, EURCZK=27.6028, USDJPY=119.95, EURDKK=7.4405, USDCNY=6.1715, EURUSD=1.2315, CADUSD=0.8711, EURNOK=8.6651, GBPUSD=1.5683, AUDUSD=0.8371}
2018-06-29 17:18:35 INFO  ReadConfigurations:88 - Conversion Rates:{NZDUSD=0.7750, EURCZK=27.6028, USDJPY=119.95, EURDKK=7.4405, USDCNY=6.1715, EURUSD=1.2315, CADUSD=0.8711, EURNOK=8.6651, GBPUSD=1.5683, AUDUSD=0.8371}
2018-06-29 17:18:35 INFO  ReadConfigurations:119 - Currency Lookup Table:{EURNZD=USD, AUDCNY=USD, CADCZK=USD, DKKNOK=EUR, CADNOK=USD, CNYJPY=USD, CZKGBP=USD, CNYGBP=USD, DKKUSD=EUR, AUDNZD=USD, JPYNZD=USD, CNYNOK=USD, NOKNZD=USD, DKKNZD=USD, CZKNOK=EUR, CADNZD=USD, GBPNOK=USD, AUDCZK=USD, CZKDKK=EUR, CNYEUR=USD, CZKUSD=EUR, CNYDKK=USD, JPYNOK=USD, CADCNY=USD, EURGBP=USD, AUDNOK=USD, DKKJPY=USD, EURJPY=USD, CNYNZD=USD, CADJPY=USD, CADGBP=USD, CZKNZD=USD, AUDEUR=USD, NOKUSD=EUR, AUDDKK=USD, GBPNZD=USD, AUDCAD=USD, CNYCZK=USD, GBPJPY=USD, CZKJPY=USD, CADEUR=USD, CADDKK=USD, AUDJPY=USD, DKKGBP=USD, AUDGBP=USD}
2018-06-29 17:18:35 INFO  ReadConfigurations:119 - Currency Lookup Table:{EURNZD=USD, AUDCNY=USD, CADCZK=USD, DKKNOK=EUR, CADNOK=USD, CNYJPY=USD, CZKGBP=USD, CNYGBP=USD, DKKUSD=EUR, AUDNZD=USD, JPYNZD=USD, CNYNOK=USD, NOKNZD=USD, DKKNZD=USD, CZKNOK=EUR, CADNZD=USD, GBPNOK=USD, AUDCZK=USD, CZKDKK=EUR, CNYEUR=USD, CZKUSD=EUR, CNYDKK=USD, JPYNOK=USD, CADCNY=USD, EURGBP=USD, AUDNOK=USD, DKKJPY=USD, EURJPY=USD, CNYNZD=USD, CADJPY=USD, CADGBP=USD, CZKNZD=USD, AUDEUR=USD, NOKUSD=EUR, AUDDKK=USD, GBPNZD=USD, AUDCAD=USD, CNYCZK=USD, GBPJPY=USD, CZKJPY=USD, CADEUR=USD, CADDKK=USD, AUDJPY=USD, DKKGBP=USD, AUDGBP=USD}
2018-06-29 17:18:35 DEBUG LookupConversionHandler:30 - Entering cross currency conversion logic as no direct conversion available
2018-06-29 17:18:35 INFO  ReadConfigurations:88 - Conversion Rates:{NZDUSD=0.7750, EURCZK=27.6028, USDJPY=119.95, EURDKK=7.4405, USDCNY=6.1715, EURUSD=1.2315, CADUSD=0.8711, EURNOK=8.6651, GBPUSD=1.5683, AUDUSD=0.8371}
2018-06-29 17:18:35 INFO  ReadConfigurations:88 - Conversion Rates:{NZDUSD=0.7750, EURCZK=27.6028, USDJPY=119.95, EURDKK=7.4405, USDCNY=6.1715, EURUSD=1.2315, CADUSD=0.8711, EURNOK=8.6651, GBPUSD=1.5683, AUDUSD=0.8371}
2018-06-29 17:18:35 DEBUG DirectConversionHandler:20 - Conversion performed from direct conversion:83.71001 USD
2018-06-29 17:18:35 INFO  ReadConfigurations:88 - Conversion Rates:{NZDUSD=0.7750, EURCZK=27.6028, USDJPY=119.95, EURDKK=7.4405, USDCNY=6.1715, EURUSD=1.2315, CADUSD=0.8711, EURNOK=8.6651, GBPUSD=1.5683, AUDUSD=0.8371}
2018-06-29 17:18:35 INFO  ReadConfigurations:88 - Conversion Rates:{NZDUSD=0.7750, EURCZK=27.6028, USDJPY=119.95, EURDKK=7.4405, USDCNY=6.1715, EURUSD=1.2315, CADUSD=0.8711, EURNOK=8.6651, GBPUSD=1.5683, AUDUSD=0.8371}
2018-06-29 17:18:35 INFO  ReadConfigurations:119 - Currency Lookup Table:{EURNZD=USD, AUDCNY=USD, CADCZK=USD, DKKNOK=EUR, CADNOK=USD, CNYJPY=USD, CZKGBP=USD, CNYGBP=USD, DKKUSD=EUR, AUDNZD=USD, JPYNZD=USD, CNYNOK=USD, NOKNZD=USD, DKKNZD=USD, CZKNOK=EUR, CADNZD=USD, GBPNOK=USD, AUDCZK=USD, CZKDKK=EUR, CNYEUR=USD, CZKUSD=EUR, CNYDKK=USD, JPYNOK=USD, CADCNY=USD, EURGBP=USD, AUDNOK=USD, DKKJPY=USD, EURJPY=USD, CNYNZD=USD, CADJPY=USD, CADGBP=USD, CZKNZD=USD, AUDEUR=USD, NOKUSD=EUR, AUDDKK=USD, GBPNZD=USD, AUDCAD=USD, CNYCZK=USD, GBPJPY=USD, CZKJPY=USD, CADEUR=USD, CADDKK=USD, AUDJPY=USD, DKKGBP=USD, AUDGBP=USD}
2018-06-29 17:18:35 INFO  ReadConfigurations:119 - Currency Lookup Table:{EURNZD=USD, AUDCNY=USD, CADCZK=USD, DKKNOK=EUR, CADNOK=USD, CNYJPY=USD, CZKGBP=USD, CNYGBP=USD, DKKUSD=EUR, AUDNZD=USD, JPYNZD=USD, CNYNOK=USD, NOKNZD=USD, DKKNZD=USD, CZKNOK=EUR, CADNZD=USD, GBPNOK=USD, AUDCZK=USD, CZKDKK=EUR, CNYEUR=USD, CZKUSD=EUR, CNYDKK=USD, JPYNOK=USD, CADCNY=USD, EURGBP=USD, AUDNOK=USD, DKKJPY=USD, EURJPY=USD, CNYNZD=USD, CADJPY=USD, CADGBP=USD, CZKNZD=USD, AUDEUR=USD, NOKUSD=EUR, AUDDKK=USD, GBPNZD=USD, AUDCAD=USD, CNYCZK=USD, GBPJPY=USD, CZKJPY=USD, CADEUR=USD, CADDKK=USD, AUDJPY=USD, DKKGBP=USD, AUDGBP=USD}
2018-06-29 17:18:35 INFO  ReadConfigurations:119 - Currency Lookup Table:{EURNZD=USD, AUDCNY=USD, CADCZK=USD, DKKNOK=EUR, CADNOK=USD, CNYJPY=USD, CZKGBP=USD, CNYGBP=USD, DKKUSD=EUR, AUDNZD=USD, JPYNZD=USD, CNYNOK=USD, NOKNZD=USD, DKKNZD=USD, CZKNOK=EUR, CADNZD=USD, GBPNOK=USD, AUDCZK=USD, CZKDKK=EUR, CNYEUR=USD, CZKUSD=EUR, CNYDKK=USD, JPYNOK=USD, CADCNY=USD, EURGBP=USD, AUDNOK=USD, DKKJPY=USD, EURJPY=USD, CNYNZD=USD, CADJPY=USD, CADGBP=USD, CZKNZD=USD, AUDEUR=USD, NOKUSD=EUR, AUDDKK=USD, GBPNZD=USD, AUDCAD=USD, CNYCZK=USD, GBPJPY=USD, CZKJPY=USD, CADEUR=USD, CADDKK=USD, AUDJPY=USD, DKKGBP=USD, AUDGBP=USD}
2018-06-29 17:18:35 DEBUG LookupConversionHandler:30 - Entering cross currency conversion logic as no direct conversion available
2018-06-29 17:18:35 INFO  ReadConfigurations:88 - Conversion Rates:{NZDUSD=0.7750, EURCZK=27.6028, USDJPY=119.95, EURDKK=7.4405, USDCNY=6.1715, EURUSD=1.2315, CADUSD=0.8711, EURNOK=8.6651, GBPUSD=1.5683, AUDUSD=0.8371}
2018-06-29 17:18:35 INFO  ReadConfigurations:88 - Conversion Rates:{NZDUSD=0.7750, EURCZK=27.6028, USDJPY=119.95, EURDKK=7.4405, USDCNY=6.1715, EURUSD=1.2315, CADUSD=0.8711, EURNOK=8.6651, GBPUSD=1.5683, AUDUSD=0.8371}
2018-06-29 17:18:35 INFO  ReadConfigurations:88 - Conversion Rates:{NZDUSD=0.7750, EURCZK=27.6028, USDJPY=119.95, EURDKK=7.4405, USDCNY=6.1715, EURUSD=1.2315, CADUSD=0.8711, EURNOK=8.6651, GBPUSD=1.5683, AUDUSD=0.8371}
2018-06-29 17:18:35 DEBUG InverseConversionHandler:20 - Conversion performed from direct conversion
2018-06-29 17:18:35 INFO  ReadConfigurations:88 - Conversion Rates:{NZDUSD=0.7750, EURCZK=27.6028, USDJPY=119.95, EURDKK=7.4405, USDCNY=6.1715, EURUSD=1.2315, CADUSD=0.8711, EURNOK=8.6651, GBPUSD=1.5683, AUDUSD=0.8371}
2018-06-29 17:18:35 INFO  ReadConfigurations:88 - Conversion Rates:{NZDUSD=0.7750, EURCZK=27.6028, USDJPY=119.95, EURDKK=7.4405, USDCNY=6.1715, EURUSD=1.2315, CADUSD=0.8711, EURNOK=8.6651, GBPUSD=1.5683, AUDUSD=0.8371}
2018-06-29 17:18:35 DEBUG DirectConversionHandler:20 - Conversion performed from direct conversion:744.05 DKK
2018-06-29 17:20:38 DEBUG ReadConfigurations:141 - Input read from consoleUSD 100 in AUD
2018-06-29 17:20:38 INFO  ReadConfigurations:88 - Conversion Rates:{NZDUSD=0.7750, EURCZK=27.6028, USDJPY=119.95, EURDKK=7.4405, USDCNY=6.1715, EURUSD=1.2315, CADUSD=0.8711, EURNOK=8.6651, GBPUSD=1.5683, AUDUSD=0.8371}
2018-06-29 17:20:38 INFO  ReadConfigurations:88 - Conversion Rates:{NZDUSD=0.7750, EURCZK=27.6028, USDJPY=119.95, EURDKK=7.4405, USDCNY=6.1715, EURUSD=1.2315, CADUSD=0.8711, EURNOK=8.6651, GBPUSD=1.5683, AUDUSD=0.8371}
2018-06-29 17:20:38 INFO  ReadConfigurations:88 - Conversion Rates:{NZDUSD=0.7750, EURCZK=27.6028, USDJPY=119.95, EURDKK=7.4405, USDCNY=6.1715, EURUSD=1.2315, CADUSD=0.8711, EURNOK=8.6651, GBPUSD=1.5683, AUDUSD=0.8371}
2018-06-29 17:20:38 DEBUG InverseConversionHandler:20 - Conversion performed from direct conversion
2018-06-29 17:22:36 DEBUG ReadConfigurations:141 - Input read from consoleAUD 100 in DKK
2018-06-29 17:22:36 INFO  ReadConfigurations:88 - Conversion Rates:{NZDUSD=0.7750, EURCZK=27.6028, USDJPY=119.95, EURDKK=7.4405, USDCNY=6.1715, EURUSD=1.2315, CADUSD=0.8711, EURNOK=8.6651, GBPUSD=1.5683, AUDUSD=0.8371}
2018-06-29 17:22:36 INFO  ReadConfigurations:88 - Conversion Rates:{NZDUSD=0.7750, EURCZK=27.6028, USDJPY=119.95, EURDKK=7.4405, USDCNY=6.1715, EURUSD=1.2315, CADUSD=0.8711, EURNOK=8.6651, GBPUSD=1.5683, AUDUSD=0.8371}
2018-06-29 17:22:36 INFO  ReadConfigurations:119 - Currency Lookup Table:{EURNZD=USD, AUDCNY=USD, CADCZK=USD, DKKNOK=EUR, CADNOK=USD, CNYJPY=USD, CZKGBP=USD, CNYGBP=USD, DKKUSD=EUR, AUDNZD=USD, JPYNZD=USD, CNYNOK=USD, NOKNZD=USD, DKKNZD=USD, CZKNOK=EUR, CADNZD=USD, GBPNOK=USD, AUDCZK=USD, CZKDKK=EUR, CNYEUR=USD, CZKUSD=EUR, CNYDKK=USD, JPYNOK=USD, CADCNY=USD, EURGBP=USD, AUDNOK=USD, DKKJPY=USD, EURJPY=USD, CNYNZD=USD, CADJPY=USD, CADGBP=USD, CZKNZD=USD, AUDEUR=USD, NOKUSD=EUR, AUDDKK=USD, GBPNZD=USD, AUDCAD=USD, CNYCZK=USD, GBPJPY=USD, CZKJPY=USD, CADEUR=USD, CADDKK=USD, AUDJPY=USD, DKKGBP=USD, AUDGBP=USD}
2018-06-29 17:22:36 INFO  ReadConfigurations:119 - Currency Lookup Table:{EURNZD=USD, AUDCNY=USD, CADCZK=USD, DKKNOK=EUR, CADNOK=USD, CNYJPY=USD, CZKGBP=USD, CNYGBP=USD, DKKUSD=EUR, AUDNZD=USD, JPYNZD=USD, CNYNOK=USD, NOKNZD=USD, DKKNZD=USD, CZKNOK=EUR, CADNZD=USD, GBPNOK=USD, AUDCZK=USD, CZKDKK=EUR, CNYEUR=USD, CZKUSD=EUR, CNYDKK=USD, JPYNOK=USD, CADCNY=USD, EURGBP=USD, AUDNOK=USD, DKKJPY=USD, EURJPY=USD, CNYNZD=USD, CADJPY=USD, CADGBP=USD, CZKNZD=USD, AUDEUR=USD, NOKUSD=EUR, AUDDKK=USD, GBPNZD=USD, AUDCAD=USD, CNYCZK=USD, GBPJPY=USD, CZKJPY=USD, CADEUR=USD, CADDKK=USD, AUDJPY=USD, DKKGBP=USD, AUDGBP=USD}
2018-06-29 17:22:36 DEBUG LookupConversionHandler:30 - Entering cross currency conversion logic as no direct conversion available
2018-06-29 17:22:36 INFO  ReadConfigurations:88 - Conversion Rates:{NZDUSD=0.7750, EURCZK=27.6028, USDJPY=119.95, EURDKK=7.4405, USDCNY=6.1715, EURUSD=1.2315, CADUSD=0.8711, EURNOK=8.6651, GBPUSD=1.5683, AUDUSD=0.8371}
2018-06-29 17:22:36 INFO  ReadConfigurations:88 - Conversion Rates:{NZDUSD=0.7750, EURCZK=27.6028, USDJPY=119.95, EURDKK=7.4405, USDCNY=6.1715, EURUSD=1.2315, CADUSD=0.8711, EURNOK=8.6651, GBPUSD=1.5683, AUDUSD=0.8371}
2018-06-29 17:22:36 DEBUG DirectConversionHandler:20 - Conversion performed from direct conversion:83.71001 USD
2018-06-29 17:22:36 INFO  ReadConfigurations:88 - Conversion Rates:{NZDUSD=0.7750, EURCZK=27.6028, USDJPY=119.95, EURDKK=7.4405, USDCNY=6.1715, EURUSD=1.2315, CADUSD=0.8711, EURNOK=8.6651, GBPUSD=1.5683, AUDUSD=0.8371}
2018-06-29 17:22:36 INFO  ReadConfigurations:88 - Conversion Rates:{NZDUSD=0.7750, EURCZK=27.6028, USDJPY=119.95, EURDKK=7.4405, USDCNY=6.1715, EURUSD=1.2315, CADUSD=0.8711, EURNOK=8.6651, GBPUSD=1.5683, AUDUSD=0.8371}
2018-06-29 17:22:36 INFO  ReadConfigurations:119 - Currency Lookup Table:{EURNZD=USD, AUDCNY=USD, CADCZK=USD, DKKNOK=EUR, CADNOK=USD, CNYJPY=USD, CZKGBP=USD, CNYGBP=USD, DKKUSD=EUR, AUDNZD=USD, JPYNZD=USD, CNYNOK=USD, NOKNZD=USD, DKKNZD=USD, CZKNOK=EUR, CADNZD=USD, GBPNOK=USD, AUDCZK=USD, CZKDKK=EUR, CNYEUR=USD, CZKUSD=EUR, CNYDKK=USD, JPYNOK=USD, CADCNY=USD, EURGBP=USD, AUDNOK=USD, DKKJPY=USD, EURJPY=USD, CNYNZD=USD, CADJPY=USD, CADGBP=USD, CZKNZD=USD, AUDEUR=USD, NOKUSD=EUR, AUDDKK=USD, GBPNZD=USD, AUDCAD=USD, CNYCZK=USD, GBPJPY=USD, CZKJPY=USD, CADEUR=USD, CADDKK=USD, AUDJPY=USD, DKKGBP=USD, AUDGBP=USD}
2018-06-29 17:22:36 INFO  ReadConfigurations:119 - Currency Lookup Table:{EURNZD=USD, AUDCNY=USD, CADCZK=USD, DKKNOK=EUR, CADNOK=USD, CNYJPY=USD, CZKGBP=USD, CNYGBP=USD, DKKUSD=EUR, AUDNZD=USD, JPYNZD=USD, CNYNOK=USD, NOKNZD=USD, DKKNZD=USD, CZKNOK=EUR, CADNZD=USD, GBPNOK=USD, AUDCZK=USD, CZKDKK=EUR, CNYEUR=USD, CZKUSD=EUR, CNYDKK=USD, JPYNOK=USD, CADCNY=USD, EURGBP=USD, AUDNOK=USD, DKKJPY=USD, EURJPY=USD, CNYNZD=USD, CADJPY=USD, CADGBP=USD, CZKNZD=USD, AUDEUR=USD, NOKUSD=EUR, AUDDKK=USD, GBPNZD=USD, AUDCAD=USD, CNYCZK=USD, GBPJPY=USD, CZKJPY=USD, CADEUR=USD, CADDKK=USD, AUDJPY=USD, DKKGBP=USD, AUDGBP=USD}
2018-06-29 17:22:36 INFO  ReadConfigurations:119 - Currency Lookup Table:{EURNZD=USD, AUDCNY=USD, CADCZK=USD, DKKNOK=EUR, CADNOK=USD, CNYJPY=USD, CZKGBP=USD, CNYGBP=USD, DKKUSD=EUR, AUDNZD=USD, JPYNZD=USD, CNYNOK=USD, NOKNZD=USD, DKKNZD=USD, CZKNOK=EUR, CADNZD=USD, GBPNOK=USD, AUDCZK=USD, CZKDKK=EUR, CNYEUR=USD, CZKUSD=EUR, CNYDKK=USD, JPYNOK=USD, CADCNY=USD, EURGBP=USD, AUDNOK=USD, DKKJPY=USD, EURJPY=USD, CNYNZD=USD, CADJPY=USD, CADGBP=USD, CZKNZD=USD, AUDEUR=USD, NOKUSD=EUR, AUDDKK=USD, GBPNZD=USD, AUDCAD=USD, CNYCZK=USD, GBPJPY=USD, CZKJPY=USD, CADEUR=USD, CADDKK=USD, AUDJPY=USD, DKKGBP=USD, AUDGBP=USD}
2018-06-29 17:22:36 DEBUG LookupConversionHandler:30 - Entering cross currency conversion logic as no direct conversion available
2018-06-29 17:22:36 INFO  ReadConfigurations:88 - Conversion Rates:{NZDUSD=0.7750, EURCZK=27.6028, USDJPY=119.95, EURDKK=7.4405, USDCNY=6.1715, EURUSD=1.2315, CADUSD=0.8711, EURNOK=8.6651, GBPUSD=1.5683, AUDUSD=0.8371}
2018-06-29 17:22:36 INFO  ReadConfigurations:88 - Conversion Rates:{NZDUSD=0.7750, EURCZK=27.6028, USDJPY=119.95, EURDKK=7.4405, USDCNY=6.1715, EURUSD=1.2315, CADUSD=0.8711, EURNOK=8.6651, GBPUSD=1.5683, AUDUSD=0.8371}
2018-06-29 17:22:36 INFO  ReadConfigurations:88 - Conversion Rates:{NZDUSD=0.7750, EURCZK=27.6028, USDJPY=119.95, EURDKK=7.4405, USDCNY=6.1715, EURUSD=1.2315, CADUSD=0.8711, EURNOK=8.6651, GBPUSD=1.5683, AUDUSD=0.8371}
2018-06-29 17:22:36 DEBUG InverseConversionHandler:20 - Conversion performed from direct conversion
2018-06-29 17:22:36 INFO  ReadConfigurations:88 - Conversion Rates:{NZDUSD=0.7750, EURCZK=27.6028, USDJPY=119.95, EURDKK=7.4405, USDCNY=6.1715, EURUSD=1.2315, CADUSD=0.8711, EURNOK=8.6651, GBPUSD=1.5683, AUDUSD=0.8371}
2018-06-29 17:22:36 INFO  ReadConfigurations:88 - Conversion Rates:{NZDUSD=0.7750, EURCZK=27.6028, USDJPY=119.95, EURDKK=7.4405, USDCNY=6.1715, EURUSD=1.2315, CADUSD=0.8711, EURNOK=8.6651, GBPUSD=1.5683, AUDUSD=0.8371}
2018-06-29 17:22:36 DEBUG DirectConversionHandler:20 - Conversion performed from direct conversion:744.05 DKK
2018-06-29 17:24:50 DEBUG ReadConfigurations:141 - Input read from consoleAUD 100 in DKK
2018-06-29 17:24:50 INFO  ReadConfigurations:88 - Conversion Rates:{NZDUSD=0.7750, EURCZK=27.6028, USDJPY=119.95, EURDKK=7.4405, USDCNY=6.1715, EURUSD=1.2315, CADUSD=0.8711, EURNOK=8.6651, GBPUSD=1.5683, AUDUSD=0.8371}
2018-06-29 17:24:50 INFO  ReadConfigurations:88 - Conversion Rates:{NZDUSD=0.7750, EURCZK=27.6028, USDJPY=119.95, EURDKK=7.4405, USDCNY=6.1715, EURUSD=1.2315, CADUSD=0.8711, EURNOK=8.6651, GBPUSD=1.5683, AUDUSD=0.8371}
2018-06-29 17:24:50 INFO  ReadConfigurations:119 - Currency Lookup Table:{EURNZD=USD, AUDCNY=USD, CADCZK=USD, DKKNOK=EUR, CADNOK=USD, CNYJPY=USD, CZKGBP=USD, CNYGBP=USD, DKKUSD=EUR, AUDNZD=USD, JPYNZD=USD, CNYNOK=USD, NOKNZD=USD, DKKNZD=USD, CZKNOK=EUR, CADNZD=USD, GBPNOK=USD, AUDCZK=USD, CZKDKK=EUR, CNYEUR=USD, CZKUSD=EUR, CNYDKK=USD, JPYNOK=USD, CADCNY=USD, EURGBP=USD, AUDNOK=USD, DKKJPY=USD, EURJPY=USD, CNYNZD=USD, CADJPY=USD, CADGBP=USD, CZKNZD=USD, AUDEUR=USD, NOKUSD=EUR, AUDDKK=USD, GBPNZD=USD, AUDCAD=USD, CNYCZK=USD, GBPJPY=USD, CZKJPY=USD, CADEUR=USD, CADDKK=USD, AUDJPY=USD, DKKGBP=USD, AUDGBP=USD}
2018-06-29 17:24:50 INFO  ReadConfigurations:119 - Currency Lookup Table:{EURNZD=USD, AUDCNY=USD, CADCZK=USD, DKKNOK=EUR, CADNOK=USD, CNYJPY=USD, CZKGBP=USD, CNYGBP=USD, DKKUSD=EUR, AUDNZD=USD, JPYNZD=USD, CNYNOK=USD, NOKNZD=USD, DKKNZD=USD, CZKNOK=EUR, CADNZD=USD, GBPNOK=USD, AUDCZK=USD, CZKDKK=EUR, CNYEUR=USD, CZKUSD=EUR, CNYDKK=USD, JPYNOK=USD, CADCNY=USD, EURGBP=USD, AUDNOK=USD, DKKJPY=USD, EURJPY=USD, CNYNZD=USD, CADJPY=USD, CADGBP=USD, CZKNZD=USD, AUDEUR=USD, NOKUSD=EUR, AUDDKK=USD, GBPNZD=USD, AUDCAD=USD, CNYCZK=USD, GBPJPY=USD, CZKJPY=USD, CADEUR=USD, CADDKK=USD, AUDJPY=USD, DKKGBP=USD, AUDGBP=USD}
2018-06-29 17:24:50 DEBUG LookupConversionHandler:30 - Entering cross currency conversion logic as no direct conversion available
2018-06-29 17:24:50 INFO  ReadConfigurations:88 - Conversion Rates:{NZDUSD=0.7750, EURCZK=27.6028, USDJPY=119.95, EURDKK=7.4405, USDCNY=6.1715, EURUSD=1.2315, CADUSD=0.8711, EURNOK=8.6651, GBPUSD=1.5683, AUDUSD=0.8371}
2018-06-29 17:24:50 INFO  ReadConfigurations:88 - Conversion Rates:{NZDUSD=0.7750, EURCZK=27.6028, USDJPY=119.95, EURDKK=7.4405, USDCNY=6.1715, EURUSD=1.2315, CADUSD=0.8711, EURNOK=8.6651, GBPUSD=1.5683, AUDUSD=0.8371}
2018-06-29 17:24:50 DEBUG DirectConversionHandler:20 - Conversion performed from direct conversion:83.71001 USD
2018-06-29 17:24:50 INFO  ReadConfigurations:88 - Conversion Rates:{NZDUSD=0.7750, EURCZK=27.6028, USDJPY=119.95, EURDKK=7.4405, USDCNY=6.1715, EURUSD=1.2315, CADUSD=0.8711, EURNOK=8.6651, GBPUSD=1.5683, AUDUSD=0.8371}
2018-06-29 17:24:50 INFO  ReadConfigurations:88 - Conversion Rates:{NZDUSD=0.7750, EURCZK=27.6028, USDJPY=119.95, EURDKK=7.4405, USDCNY=6.1715, EURUSD=1.2315, CADUSD=0.8711, EURNOK=8.6651, GBPUSD=1.5683, AUDUSD=0.8371}
2018-06-29 17:24:50 INFO  ReadConfigurations:119 - Currency Lookup Table:{EURNZD=USD, AUDCNY=USD, CADCZK=USD, DKKNOK=EUR, CADNOK=USD, CNYJPY=USD, CZKGBP=USD, CNYGBP=USD, DKKUSD=EUR, AUDNZD=USD, JPYNZD=USD, CNYNOK=USD, NOKNZD=USD, DKKNZD=USD, CZKNOK=EUR, CADNZD=USD, GBPNOK=USD, AUDCZK=USD, CZKDKK=EUR, CNYEUR=USD, CZKUSD=EUR, CNYDKK=USD, JPYNOK=USD, CADCNY=USD, EURGBP=USD, AUDNOK=USD, DKKJPY=USD, EURJPY=USD, CNYNZD=USD, CADJPY=USD, CADGBP=USD, CZKNZD=USD, AUDEUR=USD, NOKUSD=EUR, AUDDKK=USD, GBPNZD=USD, AUDCAD=USD, CNYCZK=USD, GBPJPY=USD, CZKJPY=USD, CADEUR=USD, CADDKK=USD, AUDJPY=USD, DKKGBP=USD, AUDGBP=USD}
2018-06-29 17:24:50 INFO  ReadConfigurations:119 - Currency Lookup Table:{EURNZD=USD, AUDCNY=USD, CADCZK=USD, DKKNOK=EUR, CADNOK=USD, CNYJPY=USD, CZKGBP=USD, CNYGBP=USD, DKKUSD=EUR, AUDNZD=USD, JPYNZD=USD, CNYNOK=USD, NOKNZD=USD, DKKNZD=USD, CZKNOK=EUR, CADNZD=USD, GBPNOK=USD, AUDCZK=USD, CZKDKK=EUR, CNYEUR=USD, CZKUSD=EUR, CNYDKK=USD, JPYNOK=USD, CADCNY=USD, EURGBP=USD, AUDNOK=USD, DKKJPY=USD, EURJPY=USD, CNYNZD=USD, CADJPY=USD, CADGBP=USD, CZKNZD=USD, AUDEUR=USD, NOKUSD=EUR, AUDDKK=USD, GBPNZD=USD, AUDCAD=USD, CNYCZK=USD, GBPJPY=USD, CZKJPY=USD, CADEUR=USD, CADDKK=USD, AUDJPY=USD, DKKGBP=USD, AUDGBP=USD}
2018-06-29 17:24:50 INFO  ReadConfigurations:119 - Currency Lookup Table:{EURNZD=USD, AUDCNY=USD, CADCZK=USD, DKKNOK=EUR, CADNOK=USD, CNYJPY=USD, CZKGBP=USD, CNYGBP=USD, DKKUSD=EUR, AUDNZD=USD, JPYNZD=USD, CNYNOK=USD, NOKNZD=USD, DKKNZD=USD, CZKNOK=EUR, CADNZD=USD, GBPNOK=USD, AUDCZK=USD, CZKDKK=EUR, CNYEUR=USD, CZKUSD=EUR, CNYDKK=USD, JPYNOK=USD, CADCNY=USD, EURGBP=USD, AUDNOK=USD, DKKJPY=USD, EURJPY=USD, CNYNZD=USD, CADJPY=USD, CADGBP=USD, CZKNZD=USD, AUDEUR=USD, NOKUSD=EUR, AUDDKK=USD, GBPNZD=USD, AUDCAD=USD, CNYCZK=USD, GBPJPY=USD, CZKJPY=USD, CADEUR=USD, CADDKK=USD, AUDJPY=USD, DKKGBP=USD, AUDGBP=USD}
2018-06-29 17:24:50 DEBUG LookupConversionHandler:30 - Entering cross currency conversion logic as no direct conversion available
2018-06-29 17:24:50 INFO  ReadConfigurations:88 - Conversion Rates:{NZDUSD=0.7750, EURCZK=27.6028, USDJPY=119.95, EURDKK=7.4405, USDCNY=6.1715, EURUSD=1.2315, CADUSD=0.8711, EURNOK=8.6651, GBPUSD=1.5683, AUDUSD=0.8371}
2018-06-29 17:24:50 INFO  ReadConfigurations:88 - Conversion Rates:{NZDUSD=0.7750, EURCZK=27.6028, USDJPY=119.95, EURDKK=7.4405, USDCNY=6.1715, EURUSD=1.2315, CADUSD=0.8711, EURNOK=8.6651, GBPUSD=1.5683, AUDUSD=0.8371}
2018-06-29 17:24:50 INFO  ReadConfigurations:88 - Conversion Rates:{NZDUSD=0.7750, EURCZK=27.6028, USDJPY=119.95, EURDKK=7.4405, USDCNY=6.1715, EURUSD=1.2315, CADUSD=0.8711, EURNOK=8.6651, GBPUSD=1.5683, AUDUSD=0.8371}
2018-06-29 17:24:50 DEBUG InverseConversionHandler:20 - Conversion performed from direct conversion
2018-06-29 17:24:50 INFO  ReadConfigurations:88 - Conversion Rates:{NZDUSD=0.7750, EURCZK=27.6028, USDJPY=119.95, EURDKK=7.4405, USDCNY=6.1715, EURUSD=1.2315, CADUSD=0.8711, EURNOK=8.6651, GBPUSD=1.5683, AUDUSD=0.8371}
2018-06-29 17:24:50 INFO  ReadConfigurations:88 - Conversion Rates:{NZDUSD=0.7750, EURCZK=27.6028, USDJPY=119.95, EURDKK=7.4405, USDCNY=6.1715, EURUSD=1.2315, CADUSD=0.8711, EURNOK=8.6651, GBPUSD=1.5683, AUDUSD=0.8371}
2018-06-29 17:24:50 DEBUG DirectConversionHandler:20 - Conversion performed from direct conversion:505.76068 DKK
2018-06-29 17:26:09 DEBUG ReadConfigurations:141 - Input read from consoleAUD 100 in DKK
2018-06-29 17:26:09 INFO  ReadConfigurations:88 - Conversion Rates:{NZDUSD=0.7750, EURCZK=27.6028, USDJPY=119.95, EURDKK=7.4405, USDCNY=6.1715, EURUSD=1.2315, CADUSD=0.8711, EURNOK=8.6651, GBPUSD=1.5683, AUDUSD=0.8371}
2018-06-29 17:26:09 INFO  ReadConfigurations:88 - Conversion Rates:{NZDUSD=0.7750, EURCZK=27.6028, USDJPY=119.95, EURDKK=7.4405, USDCNY=6.1715, EURUSD=1.2315, CADUSD=0.8711, EURNOK=8.6651, GBPUSD=1.5683, AUDUSD=0.8371}
2018-06-29 17:26:09 INFO  ReadConfigurations:119 - Currency Lookup Table:{EURNZD=USD, AUDCNY=USD, CADCZK=USD, DKKNOK=EUR, CADNOK=USD, CNYJPY=USD, CZKGBP=USD, CNYGBP=USD, DKKUSD=EUR, AUDNZD=USD, JPYNZD=USD, CNYNOK=USD, NOKNZD=USD, DKKNZD=USD, CZKNOK=EUR, CADNZD=USD, GBPNOK=USD, AUDCZK=USD, CZKDKK=EUR, CNYEUR=USD, CZKUSD=EUR, CNYDKK=USD, JPYNOK=USD, CADCNY=USD, EURGBP=USD, AUDNOK=USD, DKKJPY=USD, EURJPY=USD, CNYNZD=USD, CADJPY=USD, CADGBP=USD, CZKNZD=USD, AUDEUR=USD, NOKUSD=EUR, AUDDKK=USD, GBPNZD=USD, AUDCAD=USD, CNYCZK=USD, GBPJPY=USD, CZKJPY=USD, CADEUR=USD, CADDKK=USD, AUDJPY=USD, DKKGBP=USD, AUDGBP=USD}
2018-06-29 17:26:09 INFO  ReadConfigurations:119 - Currency Lookup Table:{EURNZD=USD, AUDCNY=USD, CADCZK=USD, DKKNOK=EUR, CADNOK=USD, CNYJPY=USD, CZKGBP=USD, CNYGBP=USD, DKKUSD=EUR, AUDNZD=USD, JPYNZD=USD, CNYNOK=USD, NOKNZD=USD, DKKNZD=USD, CZKNOK=EUR, CADNZD=USD, GBPNOK=USD, AUDCZK=USD, CZKDKK=EUR, CNYEUR=USD, CZKUSD=EUR, CNYDKK=USD, JPYNOK=USD, CADCNY=USD, EURGBP=USD, AUDNOK=USD, DKKJPY=USD, EURJPY=USD, CNYNZD=USD, CADJPY=USD, CADGBP=USD, CZKNZD=USD, AUDEUR=USD, NOKUSD=EUR, AUDDKK=USD, GBPNZD=USD, AUDCAD=USD, CNYCZK=USD, GBPJPY=USD, CZKJPY=USD, CADEUR=USD, CADDKK=USD, AUDJPY=USD, DKKGBP=USD, AUDGBP=USD}
2018-06-29 17:26:09 DEBUG LookupConversionHandler:30 - Entering cross currency conversion logic as no direct conversion available
2018-06-29 17:26:09 INFO  ReadConfigurations:88 - Conversion Rates:{NZDUSD=0.7750, EURCZK=27.6028, USDJPY=119.95, EURDKK=7.4405, USDCNY=6.1715, EURUSD=1.2315, CADUSD=0.8711, EURNOK=8.6651, GBPUSD=1.5683, AUDUSD=0.8371}
2018-06-29 17:26:09 INFO  ReadConfigurations:88 - Conversion Rates:{NZDUSD=0.7750, EURCZK=27.6028, USDJPY=119.95, EURDKK=7.4405, USDCNY=6.1715, EURUSD=1.2315, CADUSD=0.8711, EURNOK=8.6651, GBPUSD=1.5683, AUDUSD=0.8371}
2018-06-29 17:26:09 DEBUG DirectConversionHandler:20 - Conversion performed from direct conversion:83.71001 USD
2018-06-29 17:26:09 INFO  ReadConfigurations:88 - Conversion Rates:{NZDUSD=0.7750, EURCZK=27.6028, USDJPY=119.95, EURDKK=7.4405, USDCNY=6.1715, EURUSD=1.2315, CADUSD=0.8711, EURNOK=8.6651, GBPUSD=1.5683, AUDUSD=0.8371}
2018-06-29 17:26:09 INFO  ReadConfigurations:88 - Conversion Rates:{NZDUSD=0.7750, EURCZK=27.6028, USDJPY=119.95, EURDKK=7.4405, USDCNY=6.1715, EURUSD=1.2315, CADUSD=0.8711, EURNOK=8.6651, GBPUSD=1.5683, AUDUSD=0.8371}
2018-06-29 17:26:09 INFO  ReadConfigurations:119 - Currency Lookup Table:{EURNZD=USD, AUDCNY=USD, CADCZK=USD, DKKNOK=EUR, CADNOK=USD, CNYJPY=USD, CZKGBP=USD, CNYGBP=USD, DKKUSD=EUR, AUDNZD=USD, JPYNZD=USD, CNYNOK=USD, NOKNZD=USD, DKKNZD=USD, CZKNOK=EUR, CADNZD=USD, GBPNOK=USD, AUDCZK=USD, CZKDKK=EUR, CNYEUR=USD, CZKUSD=EUR, CNYDKK=USD, JPYNOK=USD, CADCNY=USD, EURGBP=USD, AUDNOK=USD, DKKJPY=USD, EURJPY=USD, CNYNZD=USD, CADJPY=USD, CADGBP=USD, CZKNZD=USD, AUDEUR=USD, NOKUSD=EUR, AUDDKK=USD, GBPNZD=USD, AUDCAD=USD, CNYCZK=USD, GBPJPY=USD, CZKJPY=USD, CADEUR=USD, CADDKK=USD, AUDJPY=USD, DKKGBP=USD, AUDGBP=USD}
2018-06-29 17:26:09 INFO  ReadConfigurations:119 - Currency Lookup Table:{EURNZD=USD, AUDCNY=USD, CADCZK=USD, DKKNOK=EUR, CADNOK=USD, CNYJPY=USD, CZKGBP=USD, CNYGBP=USD, DKKUSD=EUR, AUDNZD=USD, JPYNZD=USD, CNYNOK=USD, NOKNZD=USD, DKKNZD=USD, CZKNOK=EUR, CADNZD=USD, GBPNOK=USD, AUDCZK=USD, CZKDKK=EUR, CNYEUR=USD, CZKUSD=EUR, CNYDKK=USD, JPYNOK=USD, CADCNY=USD, EURGBP=USD, AUDNOK=USD, DKKJPY=USD, EURJPY=USD, CNYNZD=USD, CADJPY=USD, CADGBP=USD, CZKNZD=USD, AUDEUR=USD, NOKUSD=EUR, AUDDKK=USD, GBPNZD=USD, AUDCAD=USD, CNYCZK=USD, GBPJPY=USD, CZKJPY=USD, CADEUR=USD, CADDKK=USD, AUDJPY=USD, DKKGBP=USD, AUDGBP=USD}
2018-06-29 17:26:09 INFO  ReadConfigurations:119 - Currency Lookup Table:{EURNZD=USD, AUDCNY=USD, CADCZK=USD, DKKNOK=EUR, CADNOK=USD, CNYJPY=USD, CZKGBP=USD, CNYGBP=USD, DKKUSD=EUR, AUDNZD=USD, JPYNZD=USD, CNYNOK=USD, NOKNZD=USD, DKKNZD=USD, CZKNOK=EUR, CADNZD=USD, GBPNOK=USD, AUDCZK=USD, CZKDKK=EUR, CNYEUR=USD, CZKUSD=EUR, CNYDKK=USD, JPYNOK=USD, CADCNY=USD, EURGBP=USD, AUDNOK=USD, DKKJPY=USD, EURJPY=USD, CNYNZD=USD, CADJPY=USD, CADGBP=USD, CZKNZD=USD, AUDEUR=USD, NOKUSD=EUR, AUDDKK=USD, GBPNZD=USD, AUDCAD=USD, CNYCZK=USD, GBPJPY=USD, CZKJPY=USD, CADEUR=USD, CADDKK=USD, AUDJPY=USD, DKKGBP=USD, AUDGBP=USD}
2018-06-29 17:26:09 DEBUG LookupConversionHandler:30 - Entering cross currency conversion logic as no direct conversion available
2018-06-29 17:26:09 INFO  ReadConfigurations:88 - Conversion Rates:{NZDUSD=0.7750, EURCZK=27.6028, USDJPY=119.95, EURDKK=7.4405, USDCNY=6.1715, EURUSD=1.2315, CADUSD=0.8711, EURNOK=8.6651, GBPUSD=1.5683, AUDUSD=0.8371}
2018-06-29 17:26:10 INFO  ReadConfigurations:88 - Conversion Rates:{NZDUSD=0.7750, EURCZK=27.6028, USDJPY=119.95, EURDKK=7.4405, USDCNY=6.1715, EURUSD=1.2315, CADUSD=0.8711, EURNOK=8.6651, GBPUSD=1.5683, AUDUSD=0.8371}
2018-06-29 17:26:10 INFO  ReadConfigurations:88 - Conversion Rates:{NZDUSD=0.7750, EURCZK=27.6028, USDJPY=119.95, EURDKK=7.4405, USDCNY=6.1715, EURUSD=1.2315, CADUSD=0.8711, EURNOK=8.6651, GBPUSD=1.5683, AUDUSD=0.8371}
2018-06-29 17:26:10 DEBUG InverseConversionHandler:20 - Conversion performed from Inversion logic conversion: 67.97402 EUR
2018-06-29 17:26:10 INFO  ReadConfigurations:88 - Conversion Rates:{NZDUSD=0.7750, EURCZK=27.6028, USDJPY=119.95, EURDKK=7.4405, USDCNY=6.1715, EURUSD=1.2315, CADUSD=0.8711, EURNOK=8.6651, GBPUSD=1.5683, AUDUSD=0.8371}
2018-06-29 17:26:10 INFO  ReadConfigurations:88 - Conversion Rates:{NZDUSD=0.7750, EURCZK=27.6028, USDJPY=119.95, EURDKK=7.4405, USDCNY=6.1715, EURUSD=1.2315, CADUSD=0.8711, EURNOK=8.6651, GBPUSD=1.5683, AUDUSD=0.8371}
2018-06-29 17:26:10 DEBUG DirectConversionHandler:20 - Conversion performed from direct conversion:505.76068 DKK
2018-06-29 17:27:26 DEBUG ReadConfigurations:141 - Input read from consoleAUD 100 in DKK
2018-06-29 17:27:26 INFO  ReadConfigurations:88 - Conversion Rates:{NZDUSD=0.7750, EURCZK=27.6028, USDJPY=119.95, EURDKK=7.4405, USDCNY=6.1715, EURUSD=1.2315, CADUSD=0.8711, EURNOK=8.6651, GBPUSD=1.5683, AUDUSD=0.8371}
2018-06-29 17:27:26 INFO  ReadConfigurations:88 - Conversion Rates:{NZDUSD=0.7750, EURCZK=27.6028, USDJPY=119.95, EURDKK=7.4405, USDCNY=6.1715, EURUSD=1.2315, CADUSD=0.8711, EURNOK=8.6651, GBPUSD=1.5683, AUDUSD=0.8371}
2018-06-29 17:27:26 INFO  ReadConfigurations:119 - Currency Lookup Table:{EURNZD=USD, AUDCNY=USD, CADCZK=USD, DKKNOK=EUR, CADNOK=USD, CNYJPY=USD, CZKGBP=USD, CNYGBP=USD, DKKUSD=EUR, AUDNZD=USD, JPYNZD=USD, CNYNOK=USD, NOKNZD=USD, DKKNZD=USD, CZKNOK=EUR, CADNZD=USD, GBPNOK=USD, AUDCZK=USD, CZKDKK=EUR, CNYEUR=USD, CZKUSD=EUR, CNYDKK=USD, JPYNOK=USD, CADCNY=USD, EURGBP=USD, AUDNOK=USD, DKKJPY=USD, EURJPY=USD, CNYNZD=USD, CADJPY=USD, CADGBP=USD, CZKNZD=USD, AUDEUR=USD, NOKUSD=EUR, AUDDKK=USD, GBPNZD=USD, AUDCAD=USD, CNYCZK=USD, GBPJPY=USD, CZKJPY=USD, CADEUR=USD, CADDKK=USD, AUDJPY=USD, DKKGBP=USD, AUDGBP=USD}
2018-06-29 17:27:26 INFO  ReadConfigurations:119 - Currency Lookup Table:{EURNZD=USD, AUDCNY=USD, CADCZK=USD, DKKNOK=EUR, CADNOK=USD, CNYJPY=USD, CZKGBP=USD, CNYGBP=USD, DKKUSD=EUR, AUDNZD=USD, JPYNZD=USD, CNYNOK=USD, NOKNZD=USD, DKKNZD=USD, CZKNOK=EUR, CADNZD=USD, GBPNOK=USD, AUDCZK=USD, CZKDKK=EUR, CNYEUR=USD, CZKUSD=EUR, CNYDKK=USD, JPYNOK=USD, CADCNY=USD, EURGBP=USD, AUDNOK=USD, DKKJPY=USD, EURJPY=USD, CNYNZD=USD, CADJPY=USD, CADGBP=USD, CZKNZD=USD, AUDEUR=USD, NOKUSD=EUR, AUDDKK=USD, GBPNZD=USD, AUDCAD=USD, CNYCZK=USD, GBPJPY=USD, CZKJPY=USD, CADEUR=USD, CADDKK=USD, AUDJPY=USD, DKKGBP=USD, AUDGBP=USD}
2018-06-29 17:27:26 DEBUG LookupConversionHandler:30 - Entering cross currency conversion logic as no direct conversion available
2018-06-29 17:27:26 INFO  ReadConfigurations:88 - Conversion Rates:{NZDUSD=0.7750, EURCZK=27.6028, USDJPY=119.95, EURDKK=7.4405, USDCNY=6.1715, EURUSD=1.2315, CADUSD=0.8711, EURNOK=8.6651, GBPUSD=1.5683, AUDUSD=0.8371}
2018-06-29 17:27:26 INFO  ReadConfigurations:88 - Conversion Rates:{NZDUSD=0.7750, EURCZK=27.6028, USDJPY=119.95, EURDKK=7.4405, USDCNY=6.1715, EURUSD=1.2315, CADUSD=0.8711, EURNOK=8.6651, GBPUSD=1.5683, AUDUSD=0.8371}
2018-06-29 17:27:26 DEBUG DirectConversionHandler:20 - Conversion performed from direct conversion:83.71001 USD
2018-06-29 17:27:26 INFO  ReadConfigurations:88 - Conversion Rates:{NZDUSD=0.7750, EURCZK=27.6028, USDJPY=119.95, EURDKK=7.4405, USDCNY=6.1715, EURUSD=1.2315, CADUSD=0.8711, EURNOK=8.6651, GBPUSD=1.5683, AUDUSD=0.8371}
2018-06-29 17:27:26 INFO  ReadConfigurations:88 - Conversion Rates:{NZDUSD=0.7750, EURCZK=27.6028, USDJPY=119.95, EURDKK=7.4405, USDCNY=6.1715, EURUSD=1.2315, CADUSD=0.8711, EURNOK=8.6651, GBPUSD=1.5683, AUDUSD=0.8371}
2018-06-29 17:27:26 INFO  ReadConfigurations:119 - Currency Lookup Table:{EURNZD=USD, AUDCNY=USD, CADCZK=USD, DKKNOK=EUR, CADNOK=USD, CNYJPY=USD, CZKGBP=USD, CNYGBP=USD, DKKUSD=EUR, AUDNZD=USD, JPYNZD=USD, CNYNOK=USD, NOKNZD=USD, DKKNZD=USD, CZKNOK=EUR, CADNZD=USD, GBPNOK=USD, AUDCZK=USD, CZKDKK=EUR, CNYEUR=USD, CZKUSD=EUR, CNYDKK=USD, JPYNOK=USD, CADCNY=USD, EURGBP=USD, AUDNOK=USD, DKKJPY=USD, EURJPY=USD, CNYNZD=USD, CADJPY=USD, CADGBP=USD, CZKNZD=USD, AUDEUR=USD, NOKUSD=EUR, AUDDKK=USD, GBPNZD=USD, AUDCAD=USD, CNYCZK=USD, GBPJPY=USD, CZKJPY=USD, CADEUR=USD, CADDKK=USD, AUDJPY=USD, DKKGBP=USD, AUDGBP=USD}
2018-06-29 17:27:26 INFO  ReadConfigurations:119 - Currency Lookup Table:{EURNZD=USD, AUDCNY=USD, CADCZK=USD, DKKNOK=EUR, CADNOK=USD, CNYJPY=USD, CZKGBP=USD, CNYGBP=USD, DKKUSD=EUR, AUDNZD=USD, JPYNZD=USD, CNYNOK=USD, NOKNZD=USD, DKKNZD=USD, CZKNOK=EUR, CADNZD=USD, GBPNOK=USD, AUDCZK=USD, CZKDKK=EUR, CNYEUR=USD, CZKUSD=EUR, CNYDKK=USD, JPYNOK=USD, CADCNY=USD, EURGBP=USD, AUDNOK=USD, DKKJPY=USD, EURJPY=USD, CNYNZD=USD, CADJPY=USD, CADGBP=USD, CZKNZD=USD, AUDEUR=USD, NOKUSD=EUR, AUDDKK=USD, GBPNZD=USD, AUDCAD=USD, CNYCZK=USD, GBPJPY=USD, CZKJPY=USD, CADEUR=USD, CADDKK=USD, AUDJPY=USD, DKKGBP=USD, AUDGBP=USD}
2018-06-29 17:27:26 INFO  ReadConfigurations:119 - Currency Lookup Table:{EURNZD=USD, AUDCNY=USD, CADCZK=USD, DKKNOK=EUR, CADNOK=USD, CNYJPY=USD, CZKGBP=USD, CNYGBP=USD, DKKUSD=EUR, AUDNZD=USD, JPYNZD=USD, CNYNOK=USD, NOKNZD=USD, DKKNZD=USD, CZKNOK=EUR, CADNZD=USD, GBPNOK=USD, AUDCZK=USD, CZKDKK=EUR, CNYEUR=USD, CZKUSD=EUR, CNYDKK=USD, JPYNOK=USD, CADCNY=USD, EURGBP=USD, AUDNOK=USD, DKKJPY=USD, EURJPY=USD, CNYNZD=USD, CADJPY=USD, CADGBP=USD, CZKNZD=USD, AUDEUR=USD, NOKUSD=EUR, AUDDKK=USD, GBPNZD=USD, AUDCAD=USD, CNYCZK=USD, GBPJPY=USD, CZKJPY=USD, CADEUR=USD, CADDKK=USD, AUDJPY=USD, DKKGBP=USD, AUDGBP=USD}
2018-06-29 17:27:26 DEBUG LookupConversionHandler:30 - Entering cross currency conversion logic as no direct conversion available
2018-06-29 17:27:26 INFO  ReadConfigurations:88 - Conversion Rates:{NZDUSD=0.7750, EURCZK=27.6028, USDJPY=119.95, EURDKK=7.4405, USDCNY=6.1715, EURUSD=1.2315, CADUSD=0.8711, EURNOK=8.6651, GBPUSD=1.5683, AUDUSD=0.8371}
2018-06-29 17:27:26 INFO  ReadConfigurations:88 - Conversion Rates:{NZDUSD=0.7750, EURCZK=27.6028, USDJPY=119.95, EURDKK=7.4405, USDCNY=6.1715, EURUSD=1.2315, CADUSD=0.8711, EURNOK=8.6651, GBPUSD=1.5683, AUDUSD=0.8371}
2018-06-29 17:27:26 INFO  ReadConfigurations:88 - Conversion Rates:{NZDUSD=0.7750, EURCZK=27.6028, USDJPY=119.95, EURDKK=7.4405, USDCNY=6.1715, EURUSD=1.2315, CADUSD=0.8711, EURNOK=8.6651, GBPUSD=1.5683, AUDUSD=0.8371}
2018-06-29 17:27:26 DEBUG InverseConversionHandler:20 - Conversion performed from Inversion logic conversion: 67.97402 EUR
2018-06-29 17:27:26 INFO  ReadConfigurations:88 - Conversion Rates:{NZDUSD=0.7750, EURCZK=27.6028, USDJPY=119.95, EURDKK=7.4405, USDCNY=6.1715, EURUSD=1.2315, CADUSD=0.8711, EURNOK=8.6651, GBPUSD=1.5683, AUDUSD=0.8371}
2018-06-29 17:27:26 INFO  ReadConfigurations:88 - Conversion Rates:{NZDUSD=0.7750, EURCZK=27.6028, USDJPY=119.95, EURDKK=7.4405, USDCNY=6.1715, EURUSD=1.2315, CADUSD=0.8711, EURNOK=8.6651, GBPUSD=1.5683, AUDUSD=0.8371}
2018-06-29 17:27:26 DEBUG DirectConversionHandler:20 - Conversion performed from direct conversion:505.76068 DKK
2018-06-29 17:56:15 ERROR ForexCalculatorApplication:32 - Exception:java.lang.NullPointerException
2018-06-29 18:52:12 DEBUG ReadConfigurations:125 - Input read from consoleKSW 10 in MSW
2018-06-29 18:52:12 INFO  ReadConfigurations:72 - Conversion Rates:{NZDUSD=0.7750, EURCZK=27.6028, USDJPY=119.95, EURDKK=7.4405, USDCNY=6.1715, EURUSD=1.2315, CADUSD=0.8711, EURNOK=8.6651, GBPUSD=1.5683, AUDUSD=0.8371}
2018-06-29 18:52:12 INFO  ReadConfigurations:103 - Currency Lookup Table:{EURNZD=USD, AUDCNY=USD, CADCZK=USD, DKKNOK=EUR, CADNOK=USD, CNYJPY=USD, CZKGBP=USD, CNYGBP=USD, DKKUSD=EUR, AUDNZD=USD, JPYNZD=USD, CNYNOK=USD, NOKNZD=USD, DKKNZD=USD, CZKNOK=EUR, CADNZD=USD, GBPNOK=USD, AUDCZK=USD, CZKDKK=EUR, CNYEUR=USD, CZKUSD=EUR, CNYDKK=USD, JPYNOK=USD, CADCNY=USD, EURGBP=USD, AUDNOK=USD, DKKJPY=USD, EURJPY=USD, CNYNZD=USD, CADJPY=USD, CADGBP=USD, CZKNZD=USD, AUDEUR=USD, NOKUSD=EUR, AUDDKK=USD, GBPNZD=USD, AUDCAD=USD, CNYCZK=USD, GBPJPY=USD, CZKJPY=USD, CADEUR=USD, CADDKK=USD, AUDJPY=USD, DKKGBP=USD, AUDGBP=USD}
2018-06-29 18:52:12 INFO  ForexCalculatorApplication:32 - Exception:java.lang.NullPointerException
2018-06-29 18:52:31 DEBUG ReadConfigurations:125 - Input read from consoleKSW 10 in MSW
2018-06-29 18:52:31 INFO  ReadConfigurations:72 - Conversion Rates:{NZDUSD=0.7750, EURCZK=27.6028, USDJPY=119.95, EURDKK=7.4405, USDCNY=6.1715, EURUSD=1.2315, CADUSD=0.8711, EURNOK=8.6651, GBPUSD=1.5683, AUDUSD=0.8371}
2018-06-29 18:52:31 INFO  ReadConfigurations:103 - Currency Lookup Table:{EURNZD=USD, AUDCNY=USD, CADCZK=USD, DKKNOK=EUR, CADNOK=USD, CNYJPY=USD, CZKGBP=USD, CNYGBP=USD, DKKUSD=EUR, AUDNZD=USD, JPYNZD=USD, CNYNOK=USD, NOKNZD=USD, DKKNZD=USD, CZKNOK=EUR, CADNZD=USD, GBPNOK=USD, AUDCZK=USD, CZKDKK=EUR, CNYEUR=USD, CZKUSD=EUR, CNYDKK=USD, JPYNOK=USD, CADCNY=USD, EURGBP=USD, AUDNOK=USD, DKKJPY=USD, EURJPY=USD, CNYNZD=USD, CADJPY=USD, CADGBP=USD, CZKNZD=USD, AUDEUR=USD, NOKUSD=EUR, AUDDKK=USD, GBPNZD=USD, AUDCAD=USD, CNYCZK=USD, GBPJPY=USD, CZKJPY=USD, CADEUR=USD, CADDKK=USD, AUDJPY=USD, DKKGBP=USD, AUDGBP=USD}
2018-06-29 18:52:31 INFO  ForexCalculatorApplication:32 - Exception:java.lang.NullPointerException
2018-06-29 18:57:28 DEBUG ReadConfigurations:125 - Input read from consoleKSW 10 in NSW
2018-06-29 18:57:28 INFO  ReadConfigurations:72 - Conversion Rates:{NZDUSD=0.7750, EURCZK=27.6028, USDJPY=119.95, EURDKK=7.4405, USDCNY=6.1715, EURUSD=1.2315, CADUSD=0.8711, EURNOK=8.6651, GBPUSD=1.5683, AUDUSD=0.8371}
2018-06-29 18:57:28 INFO  ReadConfigurations:103 - Currency Lookup Table:{EURNZD=USD, AUDCNY=USD, CADCZK=USD, DKKNOK=EUR, CADNOK=USD, CNYJPY=USD, CZKGBP=USD, CNYGBP=USD, DKKUSD=EUR, AUDNZD=USD, JPYNZD=USD, CNYNOK=USD, NOKNZD=USD, DKKNZD=USD, CZKNOK=EUR, CADNZD=USD, GBPNOK=USD, AUDCZK=USD, CZKDKK=EUR, CNYEUR=USD, CZKUSD=EUR, CNYDKK=USD, JPYNOK=USD, CADCNY=USD, EURGBP=USD, AUDNOK=USD, DKKJPY=USD, EURJPY=USD, CNYNZD=USD, CADJPY=USD, CADGBP=USD, CZKNZD=USD, AUDEUR=USD, NOKUSD=EUR, AUDDKK=USD, GBPNZD=USD, AUDCAD=USD, CNYCZK=USD, GBPJPY=USD, CZKJPY=USD, CADEUR=USD, CADDKK=USD, AUDJPY=USD, DKKGBP=USD, AUDGBP=USD}
2018-06-29 18:57:28 DEBUG DirectConversionHandler:17 - Conversion performed from direct conversion:0.0 
